<?xml version="1.0" encoding="UTF-8"?>
<!-- Generated by org.testng.reporters.JUnitXMLReporter -->
<testsuite hostname="DESKTOP-6BTLH7J" ignored="0" name="Default test" tests="6" failures="0" timestamp="18 Jan 2022 06:42:52 GMT" time="0.525" errors="0">
  <testcase name="setProperty" time="0.036" classname="TestNG.Priority_Test"/>
  <testcase name="browserLaunch" time="0.007" classname="TestNG.Priority_Test"/>
  <testcase name="GetURL" time="0.018" classname="TestNG.Priority_Test"/>
  <testcase name="signin" time="0.014" classname="TestNG.Priority_Test"/>
  <testcase name="signout" time="0.034" classname="TestNG.Priority_Test"/>
  <testcase name="womens_Shirt" time="0.01" classname="TestNG.Priority_Test"/>
</testsuite> <!-- Default test -->
